Start auto log messages stack - Iteration 11.	[MsgId: MMSG-10545]
Action.c(48): web_add_auto_header("Upgrade-Insecure-Requests") started  	[MsgId: MMSG-26355]
Action.c(48): web_add_auto_header("Upgrade-Insecure-Requests") was successful  	[MsgId: MMSG-26392]
Action.c(51): web_reg_find started  	[MsgId: MMSG-26355]
Action.c(51): Registering web_reg_find was successful  	[MsgId: MMSG-26390]
Action.c(55): web_submit_data("login.pl") started  	[MsgId: MMSG-26355]
Action.c(55): Resource "http://localhost:1080/WebTours/profileValidate.js" is in the cache already and will not be downloaded again  	[MsgId: MMSG-26655]
Action.c(55): Resource "http://localhost:1080/WebTours/images/button_next.gif" is in the cache already and will not be downloaded again  	[MsgId: MMSG-26655]
Action.c(55): Error -26366: "Text=welcome to the Web Tours family" not found for web_reg_find  	[MsgId: MERR-26366]
End auto log messages stack.	[MsgId: MMSG-10544]


Start auto log messages stack - Iteration 18.	[MsgId: MMSG-10545]
Action.c(48): web_add_auto_header("Upgrade-Insecure-Requests") started  	[MsgId: MMSG-26355]
Action.c(48): web_add_auto_header("Upgrade-Insecure-Requests") was successful  	[MsgId: MMSG-26392]
Action.c(51): web_reg_find started  	[MsgId: MMSG-26355]
Action.c(51): Registering web_reg_find was successful  	[MsgId: MMSG-26390]
Action.c(55): web_submit_data("login.pl") started  	[MsgId: MMSG-26355]
Action.c(55): Resource "http://localhost:1080/WebTours/profileValidate.js" is in the cache already and will not be downloaded again  	[MsgId: MMSG-26655]
Action.c(55): Resource "http://localhost:1080/WebTours/images/button_next.gif" is in the cache already and will not be downloaded again  	[MsgId: MMSG-26655]
Action.c(55): Error -26366: "Text=welcome to the Web Tours family" not found for web_reg_find  	[MsgId: MERR-26366]
End auto log messages stack.	[MsgId: MMSG-10544]


Start auto log messages stack - Iteration 22.	[MsgId: MMSG-10545]
Action.c(48): web_add_auto_header("Upgrade-Insecure-Requests") started  	[MsgId: MMSG-26355]
Action.c(48): web_add_auto_header("Upgrade-Insecure-Requests") was successful  	[MsgId: MMSG-26392]
Action.c(51): web_reg_find started  	[MsgId: MMSG-26355]
Action.c(51): Registering web_reg_find was successful  	[MsgId: MMSG-26390]
Action.c(55): web_submit_data("login.pl") started  	[MsgId: MMSG-26355]
Action.c(55): Resource "http://localhost:1080/WebTours/profileValidate.js" is in the cache already and will not be downloaded again  	[MsgId: MMSG-26655]
Action.c(55): Resource "http://localhost:1080/WebTours/images/button_next.gif" is in the cache already and will not be downloaded again  	[MsgId: MMSG-26655]
Action.c(55): Error -26366: "Text=welcome to the Web Tours family" not found for web_reg_find  	[MsgId: MERR-26366]
End auto log messages stack.	[MsgId: MMSG-10544]


Start auto log messages stack - Iteration 32.	[MsgId: MMSG-10545]
Action.c(48): web_add_auto_header("Upgrade-Insecure-Requests") started  	[MsgId: MMSG-26355]
Action.c(48): web_add_auto_header("Upgrade-Insecure-Requests") was successful  	[MsgId: MMSG-26392]
Action.c(51): web_reg_find started  	[MsgId: MMSG-26355]
Action.c(51): Registering web_reg_find was successful  	[MsgId: MMSG-26390]
Action.c(55): web_submit_data("login.pl") started  	[MsgId: MMSG-26355]
Action.c(55): Resource "http://localhost:1080/WebTours/profileValidate.js" is in the cache already and will not be downloaded again  	[MsgId: MMSG-26655]
Action.c(55): Resource "http://localhost:1080/WebTours/images/button_next.gif" is in the cache already and will not be downloaded again  	[MsgId: MMSG-26655]
Action.c(55): Error -26366: "Text=welcome to the Web Tours family" not found for web_reg_find  	[MsgId: MERR-26366]
End auto log messages stack.	[MsgId: MMSG-10544]


Start auto log messages stack - Iteration 36.	[MsgId: MMSG-10545]
Action.c(48): web_add_auto_header("Upgrade-Insecure-Requests") started  	[MsgId: MMSG-26355]
Action.c(48): web_add_auto_header("Upgrade-Insecure-Requests") was successful  	[MsgId: MMSG-26392]
Action.c(51): web_reg_find started  	[MsgId: MMSG-26355]
Action.c(51): Registering web_reg_find was successful  	[MsgId: MMSG-26390]
Action.c(55): web_submit_data("login.pl") started  	[MsgId: MMSG-26355]
Action.c(55): Resource "http://localhost:1080/WebTours/profileValidate.js" is in the cache already and will not be downloaded again  	[MsgId: MMSG-26655]
Action.c(55): Resource "http://localhost:1080/WebTours/images/button_next.gif" is in the cache already and will not be downloaded again  	[MsgId: MMSG-26655]
Action.c(55): Error -26366: "Text=welcome to the Web Tours family" not found for web_reg_find  	[MsgId: MERR-26366]
End auto log messages stack.	[MsgId: MMSG-10544]


Start auto log messages stack - Iteration 37.	[MsgId: MMSG-10545]
Action.c(48): web_add_auto_header("Upgrade-Insecure-Requests") started  	[MsgId: MMSG-26355]
Action.c(48): web_add_auto_header("Upgrade-Insecure-Requests") was successful  	[MsgId: MMSG-26392]
Action.c(51): web_reg_find started  	[MsgId: MMSG-26355]
Action.c(51): Registering web_reg_find was successful  	[MsgId: MMSG-26390]
Action.c(55): web_submit_data("login.pl") started  	[MsgId: MMSG-26355]
Action.c(55): Resource "http://localhost:1080/WebTours/profileValidate.js" is in the cache already and will not be downloaded again  	[MsgId: MMSG-26655]
Action.c(55): Resource "http://localhost:1080/WebTours/images/button_next.gif" is in the cache already and will not be downloaded again  	[MsgId: MMSG-26655]
Action.c(55): Error -26366: "Text=welcome to the Web Tours family" not found for web_reg_find  	[MsgId: MERR-26366]
End auto log messages stack.	[MsgId: MMSG-10544]


Start auto log messages stack - Iteration 37.	[MsgId: MMSG-10545]
Action.c(48): web_add_auto_header("Upgrade-Insecure-Requests") started  	[MsgId: MMSG-26355]
Action.c(48): web_add_auto_header("Upgrade-Insecure-Requests") was successful  	[MsgId: MMSG-26392]
Action.c(51): web_reg_find started  	[MsgId: MMSG-26355]
Action.c(51): Registering web_reg_find was successful  	[MsgId: MMSG-26390]
Action.c(55): web_submit_data("login.pl") started  	[MsgId: MMSG-26355]
Action.c(55): Resource "http://localhost:1080/WebTours/profileValidate.js" is in the cache already and will not be downloaded again  	[MsgId: MMSG-26655]
Action.c(55): Resource "http://localhost:1080/WebTours/images/button_next.gif" is in the cache already and will not be downloaded again  	[MsgId: MMSG-26655]
Action.c(55): Error -26366: "Text=welcome to the Web Tours family" not found for web_reg_find  	[MsgId: MERR-26366]
End auto log messages stack.	[MsgId: MMSG-10544]


Start auto log messages stack - Iteration 44.	[MsgId: MMSG-10545]
Action.c(48): web_add_auto_header("Upgrade-Insecure-Requests") started  	[MsgId: MMSG-26355]
Action.c(48): web_add_auto_header("Upgrade-Insecure-Requests") was successful  	[MsgId: MMSG-26392]
Action.c(51): web_reg_find started  	[MsgId: MMSG-26355]
Action.c(51): Registering web_reg_find was successful  	[MsgId: MMSG-26390]
Action.c(55): web_submit_data("login.pl") started  	[MsgId: MMSG-26355]
Action.c(55): Resource "http://localhost:1080/WebTours/profileValidate.js" is in the cache already and will not be downloaded again  	[MsgId: MMSG-26655]
Action.c(55): Resource "http://localhost:1080/WebTours/images/button_next.gif" is in the cache already and will not be downloaded again  	[MsgId: MMSG-26655]
Action.c(55): Error -26366: "Text=welcome to the Web Tours family" not found for web_reg_find  	[MsgId: MERR-26366]
End auto log messages stack.	[MsgId: MMSG-10544]


Start auto log messages stack - Iteration 49.	[MsgId: MMSG-10545]
Action.c(48): web_add_auto_header("Upgrade-Insecure-Requests") started  	[MsgId: MMSG-26355]
Action.c(48): web_add_auto_header("Upgrade-Insecure-Requests") was successful  	[MsgId: MMSG-26392]
Action.c(51): web_reg_find started  	[MsgId: MMSG-26355]
Action.c(51): Registering web_reg_find was successful  	[MsgId: MMSG-26390]
Action.c(55): web_submit_data("login.pl") started  	[MsgId: MMSG-26355]
Action.c(55): Resource "http://localhost:1080/WebTours/profileValidate.js" is in the cache already and will not be downloaded again  	[MsgId: MMSG-26655]
Action.c(55): Resource "http://localhost:1080/WebTours/images/button_next.gif" is in the cache already and will not be downloaded again  	[MsgId: MMSG-26655]
Action.c(55): Error -26366: "Text=welcome to the Web Tours family" not found for web_reg_find  	[MsgId: MERR-26366]
End auto log messages stack.	[MsgId: MMSG-10544]


Start auto log messages stack - Iteration 51.	[MsgId: MMSG-10545]
Action.c(48): web_add_auto_header("Upgrade-Insecure-Requests") started  	[MsgId: MMSG-26355]
Action.c(48): web_add_auto_header("Upgrade-Insecure-Requests") was successful  	[MsgId: MMSG-26392]
Action.c(51): web_reg_find started  	[MsgId: MMSG-26355]
Action.c(51): Registering web_reg_find was successful  	[MsgId: MMSG-26390]
Action.c(55): web_submit_data("login.pl") started  	[MsgId: MMSG-26355]
Action.c(55): Resource "http://localhost:1080/WebTours/profileValidate.js" is in the cache already and will not be downloaded again  	[MsgId: MMSG-26655]
Action.c(55): Resource "http://localhost:1080/WebTours/images/button_next.gif" is in the cache already and will not be downloaded again  	[MsgId: MMSG-26655]
Action.c(55): Error -26366: "Text=welcome to the Web Tours family" not found for web_reg_find  	[MsgId: MERR-26366]
End auto log messages stack.	[MsgId: MMSG-10544]


