Start auto log messages stack - Iteration 41.	[MsgId: MMSG-10545]
..\\Parameters\\LibCommonTransactions.h(62): web_reg_find started  	[MsgId: MMSG-26355]
..\\Parameters\\LibCommonTransactions.h(62): Registering web_reg_find was successful  	[MsgId: MMSG-26390]
..\\Parameters\\LibCommonTransactions.h(66): web_submit_data("login.pl") started  	[MsgId: MMSG-26355]
..\\Parameters\\LibCommonTransactions.h(66): Detected non-resource "http://localhost:1080/cgi-bin/nav.pl?page=menu&in=home" in "http://localhost:1080/cgi-bin/login.pl"  	[MsgId: MMSG-26574]
..\\Parameters\\LibCommonTransactions.h(66): Detected non-resource "http://localhost:1080/cgi-bin/login.pl?intro=true" in "http://localhost:1080/cgi-bin/login.pl"  	[MsgId: MMSG-26574]
..\\Parameters\\LibCommonTransactions.h(66): Error -26612: HTTP Status-Code=500 (Internal Server Error) for "http://localhost:1080/cgi-bin/nav.pl?page=menu&in=home"  	[MsgId: MERR-26612]
End auto log messages stack.	[MsgId: MMSG-10544]


Start auto log messages stack - Iteration 11.	[MsgId: MMSG-10545]
..\\Parameters\\LibCommonTransactions.h(92): web_add_auto_header("Upgrade-Insecure-Requests") started  	[MsgId: MMSG-26355]
..\\Parameters\\LibCommonTransactions.h(92): web_add_auto_header("Upgrade-Insecure-Requests") was successful  	[MsgId: MMSG-26392]
..\\Parameters\\LibCommonTransactions.h(95): web_reg_find started  	[MsgId: MMSG-26355]
..\\Parameters\\LibCommonTransactions.h(95): Registering web_reg_find was successful  	[MsgId: MMSG-26390]
..\\Parameters\\LibCommonTransactions.h(99): web_url("Search Flights Button") started  	[MsgId: MMSG-26355]
..\\Parameters\\LibCommonTransactions.h(99): Error -26612: HTTP Status-Code=500 (Internal Server Error) for "http://localhost:1080/cgi-bin/welcome.pl?page=search"  	[MsgId: MERR-26612]
..\\Parameters\\LibCommonTransactions.h(99): Error -26366: "Text=Find Flight" not found for web_reg_find  	[MsgId: MERR-26366]
End auto log messages stack.	[MsgId: MMSG-10544]


Start auto log messages stack - Iteration 15.	[MsgId: MMSG-10545]
..\\Parameters\\LibCommonTransactions.h(221): Found resource "http://localhost:1080/WebTours/images/in_itinerary.gif" in HTML "http://localhost:1080/cgi-bin/nav.pl?page=menu&in=itinerary"  	[MsgId: MMSG-26659]
..\\Parameters\\LibCommonTransactions.h(221): Resource "http://localhost:1080/WebTours/images/home.gif" is in the cache already and will not be downloaded again  	[MsgId: MMSG-26655]
..\\Parameters\\LibCommonTransactions.h(221): Resource "http://localhost:1080/WebTours/images/signoff.gif" is in the cache already and will not be downloaded again  	[MsgId: MMSG-26655]
..\\Parameters\\LibCommonTransactions.h(221): Error -26612: HTTP Status-Code=500 (Internal Server Error) for "http://localhost:1080/cgi-bin/itinerary.pl"  	[MsgId: MERR-26612]
End auto log messages stack.	[MsgId: MMSG-10544]


Start auto log messages stack - Iteration 38.	[MsgId: MMSG-10545]
..\\Parameters\\LibCommonTransactions.h(66): Found resource "http://localhost:1080/WebTours/images/itinerary.gif" in HTML "http://localhost:1080/cgi-bin/nav.pl?page=menu&in=home"  	[MsgId: MMSG-26659]
..\\Parameters\\LibCommonTransactions.h(66): Found resource "http://localhost:1080/WebTours/images/in_home.gif" in HTML "http://localhost:1080/cgi-bin/nav.pl?page=menu&in=home"  	[MsgId: MMSG-26659]
..\\Parameters\\LibCommonTransactions.h(66): Found resource "http://localhost:1080/WebTours/images/signoff.gif" in HTML "http://localhost:1080/cgi-bin/nav.pl?page=menu&in=home"  	[MsgId: MMSG-26659]
..\\Parameters\\LibCommonTransactions.h(66): Error -26612: HTTP Status-Code=500 (Internal Server Error) for "http://localhost:1080/cgi-bin/login.pl?intro=true"  	[MsgId: MERR-26612]
..\\Parameters\\LibCommonTransactions.h(66): Error -26366: "Text=Welcome, <b>jack</b>, to the Web Tours reservation pages" not found for web_reg_find  	[MsgId: MERR-26366]
End auto log messages stack.	[MsgId: MMSG-10544]


Start auto log messages stack - Iteration 146.	[MsgId: MMSG-10545]
..\\Parameters\\LibCommonTransactions.h(118): web_reg_save_param started  	[MsgId: MMSG-26355]
..\\Parameters\\LibCommonTransactions.h(118): Registering web_reg_save_param was successful  	[MsgId: MMSG-26390]
..\\Parameters\\LibCommonTransactions.h(124): web_reg_find started  	[MsgId: MMSG-26355]
..\\Parameters\\LibCommonTransactions.h(124): Registering web_reg_find was successful  	[MsgId: MMSG-26390]
..\\Parameters\\LibCommonTransactions.h(129): web_submit_data("reservations.pl") started  	[MsgId: MMSG-26355]
..\\Parameters\\LibCommonTransactions.h(129): Error -26612: HTTP Status-Code=500 (Internal Server Error) for "http://localhost:1080/cgi-bin/reservations.pl"  	[MsgId: MERR-26612]
..\\Parameters\\LibCommonTransactions.h(129): Error -26377: No match found for the requested parameter "outboundFlight". Either the specified boundaries were not found in the response or the matched text is longer than current max html parameter size of 256 bytes. The total length of the response is 535 bytes. You can use "web_set_max_html_param_len" to increase the max parameter size.  	[MsgId: MERR-26377]
..\\Parameters\\LibCommonTransactions.h(129): Error -26366: "Text=Flight departing from <B>Portland</B> to <B>Denver</B>" not found for web_reg_find  	[MsgId: MERR-26366]
End auto log messages stack.	[MsgId: MMSG-10544]


